<?xml version="1.0" encoding="UTF-8"?>
<!-- Generated by org.testng.reporters.JUnitXMLReporter -->
<testsuite hostname="Lenovo" ignored="0" name="Test1" tests="4" failures="1" timestamp="19 Apr 2020 12:01:46 GMT" time="137.756" errors="0">
  <testcase name="tc1" time="54.871" classname="testngSample.CrossBrowser">
    <skipped/>
  </testcase> <!-- tc1 -->
  <testcase name="tc1" time="34.596" classname="testngSample.CrossBrowser">
    <skipped/>
  </testcase> <!-- tc1 -->
  <testcase name="tc1" time="29.939" classname="testngSample.CrossBrowser">
    <skipped/>
  </testcase> <!-- tc1 -->
  <testcase name="tc1" time="18.101" classname="testngSample.CrossBrowser">
    <failure type="java.lang.AssertionError" message="verify title expected [true] but found [false]">
      <![CDATA[java.lang.AssertionError: verify title expected [true] but found [false]
at testngSample.CrossBrowser.tc1(CrossBrowser.java:26)
at java.util.concurrent.FutureTask.run(Unknown Source)
at java.util.concurrent.ThreadPoolExecutor.runWorker(Unknown Source)
at java.util.concurrent.ThreadPoolExecutor$Worker.run(Unknown Source)
at java.lang.Thread.run(Unknown Source)
... Removed 19 stack frames]]>
    </failure>
  </testcase> <!-- tc1 -->
</testsuite> <!-- Test1 -->
