<?xml version="1.0" encoding="UTF-8"?>
<testng-results skipped="0" failed="0" ignored="1" total="2" passed="1">
  <reporter-output>
  </reporter-output>
  <suite name="Default suite" duration-ms="41866" started-at="2020-04-25T13:39:01Z" finished-at="2020-04-25T13:39:43Z">
    <groups>
    </groups>
    <test name="Default test" duration-ms="41866" started-at="2020-04-25T13:39:01Z" finished-at="2020-04-25T13:39:43Z">
      <class name="testngSample.AirCanada">
        <test-method status="PASS" signature="launchBrowser()[pri:0, instance:testngSample.AirCanada@724af044]" name="launchBrowser" is-config="true" duration-ms="6664" started-at="2020-04-25T13:39:01Z" finished-at="2020-04-25T13:39:08Z">
          <reporter-output>
          </reporter-output>
        </test-method> <!-- launchBrowser -->
        <test-method status="PASS" signature="startTime()[pri:0, instance:testngSample.AirCanada@724af044]" name="startTime" is-config="true" duration-ms="15" started-at="2020-04-25T13:39:08Z" finished-at="2020-04-25T13:39:08Z">
          <reporter-output>
          </reporter-output>
        </test-method> <!-- startTime -->
        <test-method status="PASS" signature="air()[pri:0, instance:testngSample.AirCanada@724af044]" name="air" duration-ms="35103" started-at="2020-04-25T13:39:08Z" finished-at="2020-04-25T13:39:43Z">
          <reporter-output>
          </reporter-output>
        </test-method> <!-- air -->
        <test-method status="PASS" signature="close()[pri:0, instance:testngSample.AirCanada@724af044]" name="close" is-config="true" duration-ms="4" started-at="2020-04-25T13:39:43Z" finished-at="2020-04-25T13:39:43Z">
          <reporter-output>
          </reporter-output>
        </test-method> <!-- close -->
        <test-method status="PASS" signature="endTime()[pri:0, instance:testngSample.AirCanada@724af044]" name="endTime" is-config="true" duration-ms="0" started-at="2020-04-25T13:39:43Z" finished-at="2020-04-25T13:39:43Z">
          <reporter-output>
          </reporter-output>
        </test-method> <!-- endTime -->
      </class> <!-- testngSample.AirCanada -->
    </test> <!-- Default test -->
  </suite> <!-- Default suite -->
</testng-results>
